<?xml version="1.0" encoding="UTF-8"?>
<testng-results ignored="0" total="1" passed="1" failed="0" skipped="0">
  <reporter-output>
  </reporter-output>
  <suite started-at="2023-05-05T06:14:08Z" name="Default suite" finished-at="2023-05-05T06:14:29Z" duration-ms="21777">
    <groups>
    </groups>
    <test started-at="2023-05-05T06:14:08Z" name="Default test" finished-at="2023-05-05T06:14:29Z" duration-ms="21777">
      <class name="Testcaserun.Tc1">
        <test-method signature="setup()[pri:0, instance:Testcaserun.Tc1@3403e2ac]" started-at="2023-05-05T14:14:08Z" name="setup" finished-at="2023-05-05T14:14:29Z" duration-ms="21762" status="PASS">
          <reporter-output>
          </reporter-output>
        </test-method> <!-- setup -->
      </class> <!-- Testcaserun.Tc1 -->
    </test> <!-- Default test -->
  </suite> <!-- Default suite -->
</testng-results>
